2022-05-30T22:55:09.518Z [error] El email businessroccoparrella@gmail.com1 no esta registrado!
2022-05-30T22:55:09.519Z [error] El email businessroccoparrella@gmail.com1 no esta registrado!
2022-05-30T23:09:07.005Z [error] Error al autenticar el usuario: TypeError: modelUser.existsByEmail is not a function
2022-05-30T23:09:07.005Z [error] Error al autenticar el usuario: TypeError: modelUser.existsByEmail is not a function
2022-05-30T23:10:16.868Z [error] Error al autenticar el usuario: TypeError: modelUser.existsByEmail is not a function
2022-05-30T23:10:16.868Z [error] Error al autenticar el usuario: TypeError: modelUser.existsByEmail is not a function
2022-05-30T23:12:21.005Z [error] Error al autenticar el usuario: TypeError: modelUser.existsByEmail is not a function
2022-05-30T23:12:21.006Z [error] Error al autenticar el usuario: TypeError: modelUser.existsByEmail is not a function
2022-05-30T23:15:01.530Z [error] Error al autenticar el usuario: TypeError: modelUser.existsByEmail is not a function
2022-05-30T23:15:01.530Z [error] Error al autenticar el usuario: TypeError: modelUser.existsByEmail is not a function
2022-05-30T23:15:42.046Z [error] Error al autenticar el usuario: TypeError: modelUser.isPasswordValid is not a function
2022-05-30T23:15:42.046Z [error] Error al autenticar el usuario: TypeError: modelUser.isPasswordValid is not a function
2022-05-30T23:16:52.044Z [error] Error al autenticar el usuario: TypeError: userModel.existsByEmail is not a function
2022-05-30T23:16:52.044Z [error] Error al autenticar el usuario: TypeError: userModel.existsByEmail is not a function
2022-05-30T23:17:41.083Z [error] Error al autenticar el usuario: TypeError: userModel.existsByEmail is not a function
2022-05-30T23:17:41.084Z [error] Error al autenticar el usuario: TypeError: userModel.existsByEmail is not a function
2022-06-06T13:54:59.474Z [error] undefined
2022-06-06T13:54:59.475Z [error] undefined
2022-06-06T13:55:19.403Z [error] undefined
2022-06-06T13:55:19.403Z [error] undefined
